\BOOKMARK [1][]{section.1}{\376\377\000I\000n\000t\000r\000o\000d\000u\000c\000t\000i\000o\000n}{}% 1
\BOOKMARK [1][]{section.2}{\376\377\000M\000a\000t\000e\000r\000i\000a\000l\000s\000\040\000a\000n\000d\000\040\000M\000e\000t\000h\000o\000d\000s}{}% 2
\BOOKMARK [2][]{subsection.2.1}{\376\377\000D\000a\000t\000a\000\040\000C\000o\000l\000l\000e\000c\000t\000i\000o\000n}{section.2}% 3
\BOOKMARK [2][]{subsection.2.2}{\376\377\000D\000a\000t\000a\000\040\000P\000r\000e\000-\000p\000r\000o\000c\000e\000s\000s\000i\000n\000g\000\040}{section.2}% 4
\BOOKMARK [3][]{subsubsection.2.2.1}{\376\377\000M\000a\000r\000k\000e\000r\000\040\000D\000a\000t\000a}{subsection.2.2}% 5
\BOOKMARK [3][]{subsubsection.2.2.2}{\376\377\000I\000M\000U\000\040\000D\000a\000t\000a}{subsection.2.2}% 6
\BOOKMARK [2][]{subsection.2.3}{\376\377\000M\000o\000d\000e\000l}{section.2}% 7
\BOOKMARK [3][]{subsubsection.2.3.1}{\376\377\000M\000o\000d\000e\000l\000\040\000A\000r\000c\000h\000i\000t\000e\000c\000t\000u\000r\000e}{subsection.2.3}% 8
\BOOKMARK [3][]{subsubsection.2.3.2}{\376\377\000H\000y\000p\000e\000r\000p\000a\000r\000a\000m\000e\000t\000e\000r\000\040\000O\000p\000t\000i\000m\000i\000z\000a\000t\000i\000o\000n}{subsection.2.3}% 9
\BOOKMARK [2][]{subsection.2.4}{\376\377\000A\000n\000a\000l\000y\000s\000i\000s}{section.2}% 10
\BOOKMARK [3][]{subsubsection.2.4.1}{\376\377\000O\000v\000e\000r\000a\000l\000l\000\040\000d\000e\000t\000e\000c\000t\000i\000o\000n\000\040\000p\000e\000r\000f\000o\000r\000m\000a\000n\000c\000e\000\040}{subsection.2.4}% 11
\BOOKMARK [3][]{subsubsection.2.4.2}{\376\377\000T\000i\000m\000e\000\040\000E\000r\000r\000o\000r}{subsection.2.4}% 12
\BOOKMARK [3][]{subsubsection.2.4.3}{\376\377\000S\000t\000r\000i\000d\000e\000\040\000P\000a\000r\000a\000m\000e\000t\000e\000r\000s}{subsection.2.4}% 13
\BOOKMARK [1][]{section.3}{\376\377\000R\000e\000s\000u\000l\000t\000s}{}% 14
\BOOKMARK [2][]{subsection.3.1}{\376\377\000O\000v\000e\000r\000a\000l\000l\000\040\000d\000e\000t\000e\000c\000t\000i\000o\000n\000\040\000p\000e\000r\000f\000o\000r\000m\000a\000n\000c\000e}{section.3}% 15
\BOOKMARK [2][]{subsection.3.2}{\376\377\000T\000i\000m\000e\000\040\000E\000r\000r\000o\000r}{section.3}% 16
\BOOKMARK [2][]{subsection.3.3}{\376\377\000G\000a\000i\000t\000\040\000p\000a\000r\000a\000m\000e\000t\000e\000r\000s}{section.3}% 17
\BOOKMARK [1][]{section.4}{\376\377\000D\000i\000s\000c\000u\000s\000s\000i\000o\000n}{}% 18
\BOOKMARK [1][]{section.5}{\376\377\000C\000o\000n\000c\000l\000u\000s\000i\000o\000n\000s}{}% 19
\BOOKMARK [1][]{section.5}{\376\377\000R\000e\000f\000e\000r\000e\000n\000c\000e\000s}{}% 20
